[Info  - 1:57:55 pm] Using tsserver from: /usr/share/code/resources/app/extensions/node_modules/typescript/lib
[Info  - 1:57:55 pm] Forking TSServer
PATH: /usr/local/sbin:/usr/local/bin:/usr/sbin:/usr/bin:/sbin:/bin:/snap/bin 
[Info  - 1:57:55 pm] Started TSServer
[Error  - 7:46:50 pm] 'completionInfo' request failed with error.
Error processing request. Cannot read property 'kind' of undefined
TypeError: Cannot read property 'kind' of undefined
    at Object.isStringLiteralLike (/usr/share/code/resources/app/extensions/node_modules/typescript/lib/tsserver.js:13817:21)
    at isValidTrigger (/usr/share/code/resources/app/extensions/node_modules/typescript/lib/tsserver.js:93212:31)
    at Object.getCompletionsAtPosition (/usr/share/code/resources/app/extensions/node_modules/typescript/lib/tsserver.js:91325:38)
    at Object.getCompletionsAtPosition (/usr/share/code/resources/app/extensions/node_modules/typescript/lib/tsserver.js:111463:35)
    at IOSession.Session.getCompletions (/usr/share/code/resources/app/extensions/node_modules/typescript/lib/tsserver.js:119049:64)
    at Session.handlers.ts.createMapFromTemplate._a.(anonymous function) (/usr/share/code/resources/app/extensions/node_modules/typescript/lib/tsserver.js:118124:61)
    at /usr/share/code/resources/app/extensions/node_modules/typescript/lib/tsserver.js:119531:88
    at IOSession.Session.executeWithRequestId (/usr/share/code/resources/app/extensions/node_modules/typescript/lib/tsserver.js:119522:28)
    at IOSession.Session.executeCommand (/usr/share/code/resources/app/extensions/node_modules/typescript/lib/tsserver.js:119531:33)
    at IOSession.Session.onMessage (/usr/share/code/resources/app/extensions/node_modules/typescript/lib/tsserver.js:119551:35)
    at Interface.<anonymous> (/usr/share/code/resources/app/extensions/node_modules/typescript/lib/tsserver.js:120805:27)
    at emitOne (events.js:116:13)
    at Interface.emit (events.js:211:7)
    at Interface._onLine (readline.js:282:10)
    at Interface._normalWrite (readline.js:424:12)
    at Socket.ondata (readline.js:141:10)
    at emitOne (events.js:116:13)
    at Socket.emit (events.js:211:7)
    at addChunk (_stream_readable.js:263:12)
    at readableAddChunk (_stream_readable.js:250:11)
    at Socket.Readable.push (_stream_readable.js:208:10)
    at Pipe.onread (net.js:594:20)
