[2018-10-06 19:38:31.256] [renderer1] [info] no standard startup: not the explorer viewlet
[2018-10-06 19:38:44.500] [renderer1] [info] no standard startup: not just one text editor
[2018-10-06 19:43:12.110] [renderer1] [info] no standard startup: not just one text editor
[2018-10-07 07:55:28.464] [renderer1] [error] cannot open file:///home/pk/kmd-blackboard/public/scripts. Detail: File is directory: Error: cannot open file:///home/pk/kmd-blackboard/public/scripts. Detail: File is directory
    at file:///usr/share/code/resources/app/out/vs/workbench/workbench.main.js:4281:662
    at Object.v [as _notify] (file:///usr/share/code/resources/app/out/vs/workbench/workbench.main.js:155:302)
    at Object.enter (file:///usr/share/code/resources/app/out/vs/workbench/workbench.main.js:158:568)
    at n.Class.derive._creator._run (file:///usr/share/code/resources/app/out/vs/workbench/workbench.main.js:159:902)
    at n.Class.derive._creator._chainedError (file:///usr/share/code/resources/app/out/vs/workbench/workbench.main.js:159:261)
    at n (file:///usr/share/code/resources/app/out/vs/workbench/workbench.main.js:157:40)
    at n.Class.define.cancel.then (file:///usr/share/code/resources/app/out/vs/workbench/workbench.main.js:160:736)
    at Object.enter (file:///usr/share/code/resources/app/out/vs/workbench/workbench.main.js:157:109)
    at n.Class.derive._creator._run (file:///usr/share/code/resources/app/out/vs/workbench/workbench.main.js:159:902)
    at n.Class.derive._creator._setCompleteValue (file:///usr/share/code/resources/app/out/vs/workbench/workbench.main.js:159:596)
    at Object.v [as _notify] (file:///usr/share/code/resources/app/out/vs/workbench/workbench.main.js:155:284)
    at Object.enter (file:///usr/share/code/resources/app/out/vs/workbench/workbench.main.js:158:568)
    at n.Class.derive._creator._run (file:///usr/share/code/resources/app/out/vs/workbench/workbench.main.js:159:902)
    at n.Class.derive._creator._chainedError (file:///usr/share/code/resources/app/out/vs/workbench/workbench.main.js:159:261)
    at n (file:///usr/share/code/resources/app/out/vs/workbench/workbench.main.js:157:40)
    at n.Class.define.cancel.then (file:///usr/share/code/resources/app/out/vs/workbench/workbench.main.js:160:736)
    at Object.enter (file:///usr/share/code/resources/app/out/vs/workbench/workbench.main.js:157:109)
    at n.Class.derive._creator._run (file:///usr/share/code/resources/app/out/vs/workbench/workbench.main.js:159:902)
    at n.Class.derive._creator._setCompleteValue (file:///usr/share/code/resources/app/out/vs/workbench/workbench.main.js:159:596)
    at Object.v [as _notify] (file:///usr/share/code/resources/app/out/vs/workbench/workbench.main.js:155:284)
    at Object.enter (file:///usr/share/code/resources/app/out/vs/workbench/workbench.main.js:158:568)
    at n.Class.derive._creator._run (file:///usr/share/code/resources/app/out/vs/workbench/workbench.main.js:159:902)
    at n.Class.derive._creator._chainedError (file:///usr/share/code/resources/app/out/vs/workbench/workbench.main.js:159:261)
    at n (file:///usr/share/code/resources/app/out/vs/workbench/workbench.main.js:157:40)
    at n.Class.define.cancel.then (file:///usr/share/code/resources/app/out/vs/workbench/workbench.main.js:160:736)
    at Object.enter (file:///usr/share/code/resources/app/out/vs/workbench/workbench.main.js:157:109)
    at n.Class.derive._creator._run (file:///usr/share/code/resources/app/out/vs/workbench/workbench.main.js:159:902)
    at n.Class.derive._creator._setCompleteValue (file:///usr/share/code/resources/app/out/vs/workbench/workbench.main.js:159:596)
    at Object.v [as _notify] (file:///usr/share/code/resources/app/out/vs/workbench/workbench.main.js:155:284)
    at Object.enter (file:///usr/share/code/resources/app/out/vs/workbench/workbench.main.js:158:568)
    at n.Class.derive._creator._run (file:///usr/share/code/resources/app/out/vs/workbench/workbench.main.js:159:902)
    at n.Class.derive._creator._chainedError (file:///usr/share/code/resources/app/out/vs/workbench/workbench.main.js:159:261)
    at n (file:///usr/share/code/resources/app/out/vs/workbench/workbench.main.js:157:40)
    at n.Class.define.cancel.then (file:///usr/share/code/resources/app/out/vs/workbench/workbench.main.js:160:736)
    at Object.enter (file:///usr/share/code/resources/app/out/vs/workbench/workbench.main.js:157:109)
    at n.Class.derive._creator._run (file:///usr/share/code/resources/app/out/vs/workbench/workbench.main.js:159:902)
    at n.Class.derive._creator._setCompleteValue (file:///usr/share/code/resources/app/out/vs/workbench/workbench.main.js:159:596)
    at Object.v [as _notify] (file:///usr/share/code/resources/app/out/vs/workbench/workbench.main.js:155:284)
    at Object.enter (file:///usr/share/code/resources/app/out/vs/workbench/workbench.main.js:158:568)
    at n.Class.derive._creator._run (file:///usr/share/code/resources/app/out/vs/workbench/workbench.main.js:159:902)
    at n.Class.derive._creator._chainedError (file:///usr/share/code/resources/app/out/vs/workbench/workbench.main.js:159:261)
    at n (file:///usr/share/code/resources/app/out/vs/workbench/workbench.main.js:157:40)
    at n.Class.define.cancel.then (file:///usr/share/code/resources/app/out/vs/workbench/workbench.main.js:160:736)
    at Object.enter (file:///usr/share/code/resources/app/out/vs/workbench/workbench.main.js:157:109)
    at n.Class.derive._creator._run (file:///usr/share/code/resources/app/out/vs/workbench/workbench.main.js:159:902)
    at n.Class.derive._creator._setCompleteValue (file:///usr/share/code/resources/app/out/vs/workbench/workbench.main.js:159:596)
    at Object.v [as _notify] (file:///usr/share/code/resources/app/out/vs/workbench/workbench.main.js:155:284)
    at Object.enter (file:///usr/share/code/resources/app/out/vs/workbench/workbench.main.js:158:568)
    at n.Class.derive._oncancel._run (file:///usr/share/code/resources/app/out/vs/workbench/workbench.main.js:159:902)
    at n.Class.derive._oncancel._error (file:///usr/share/code/resources/app/out/vs/workbench/workbench.main.js:159:419)
    at l (file:///usr/share/code/resources/app/out/vs/workbench/workbench.main.js:162:962)
    at file:///usr/share/code/resources/app/out/vs/workbench/workbench.main.js:163:70
    at Object.v [as _notify] (file:///usr/share/code/resources/app/out/vs/workbench/workbench.main.js:155:302)
    at Object.enter (file:///usr/share/code/resources/app/out/vs/workbench/workbench.main.js:158:568)
    at n.Class.derive._oncancel._run (file:///usr/share/code/resources/app/out/vs/workbench/workbench.main.js:159:902)
    at n.Class.derive._oncancel._error (file:///usr/share/code/resources/app/out/vs/workbench/workbench.main.js:159:419)
    at v (file:///usr/share/code/resources/app/out/vs/workbench/workbench.main.js:3287:673)
    at file:///usr/share/code/resources/app/out/vs/workbench/workbench.main.js:3288:322
    at callback (/usr/share/code/resources/app/node_modules.asar/graceful-fs/polyfills.js:128:19)
    at FSReqWrap.wrapper [as oncomplete] (original-fs.js:658:17)
[2018-10-07 08:03:50.695] [renderer1] [error] Invalid start index: 2: Error: Invalid start index: 2
    at e.splice (file:///usr/share/code/resources/app/out/vs/workbench/workbench.main.js:841:164)
    at file:///usr/share/code/resources/app/out/vs/workbench/workbench.main.js:2108:932
    at <anonymous>
[2018-10-07 09:47:23.830] [renderer1] [error] Illegal argument: character must be non-negative: Error: Illegal argument: character must be non-negative
	at Object.t.illegalArgument (/usr/share/code/resources/app/out/vs/workbench/node/extensionHostProcess.js:91:544)
	at new e (/usr/share/code/resources/app/out/vs/workbench/node/extensionHostProcess.js:475:904)
	at h (/usr/share/code/resources/app/extensions/html-language-features/client/dist/htmlMain.js:1:147840)
	at f (/usr/share/code/resources/app/extensions/html-language-features/client/dist/htmlMain.js:1:147913)
	at /usr/share/code/resources/app/extensions/html-language-features/client/dist/htmlMain.js:1:149009
	at v (/usr/share/code/resources/app/extensions/html-language-features/client/dist/htmlMain.js:1:149195)
	at Array.map (<anonymous>)
	at asCompletionResult (/usr/share/code/resources/app/extensions/html-language-features/client/dist/htmlMain.js:1:154233)
	at <anonymous>
[2018-10-07 11:55:18.666] [renderer1] [error] cannot open file:///home/pk/kmd-blackboard/public/slides. Detail: File is directory: Error: cannot open file:///home/pk/kmd-blackboard/public/slides. Detail: File is directory
    at file:///usr/share/code/resources/app/out/vs/workbench/workbench.main.js:4281:662
    at Object.v [as _notify] (file:///usr/share/code/resources/app/out/vs/workbench/workbench.main.js:155:302)
    at Object.enter (file:///usr/share/code/resources/app/out/vs/workbench/workbench.main.js:158:568)
    at n.Class.derive._creator._run (file:///usr/share/code/resources/app/out/vs/workbench/workbench.main.js:159:902)
    at n.Class.derive._creator._chainedError (file:///usr/share/code/resources/app/out/vs/workbench/workbench.main.js:159:261)
    at n (file:///usr/share/code/resources/app/out/vs/workbench/workbench.main.js:157:40)
    at n.Class.define.cancel.then (file:///usr/share/code/resources/app/out/vs/workbench/workbench.main.js:160:736)
    at Object.enter (file:///usr/share/code/resources/app/out/vs/workbench/workbench.main.js:157:109)
    at n.Class.derive._creator._run (file:///usr/share/code/resources/app/out/vs/workbench/workbench.main.js:159:902)
    at n.Class.derive._creator._setCompleteValue (file:///usr/share/code/resources/app/out/vs/workbench/workbench.main.js:159:596)
    at Object.v [as _notify] (file:///usr/share/code/resources/app/out/vs/workbench/workbench.main.js:155:284)
    at Object.enter (file:///usr/share/code/resources/app/out/vs/workbench/workbench.main.js:158:568)
    at n.Class.derive._creator._run (file:///usr/share/code/resources/app/out/vs/workbench/workbench.main.js:159:902)
    at n.Class.derive._creator._chainedError (file:///usr/share/code/resources/app/out/vs/workbench/workbench.main.js:159:261)
    at n (file:///usr/share/code/resources/app/out/vs/workbench/workbench.main.js:157:40)
    at n.Class.define.cancel.then (file:///usr/share/code/resources/app/out/vs/workbench/workbench.main.js:160:736)
    at Object.enter (file:///usr/share/code/resources/app/out/vs/workbench/workbench.main.js:157:109)
    at n.Class.derive._creator._run (file:///usr/share/code/resources/app/out/vs/workbench/workbench.main.js:159:902)
    at n.Class.derive._creator._setCompleteValue (file:///usr/share/code/resources/app/out/vs/workbench/workbench.main.js:159:596)
    at Object.v [as _notify] (file:///usr/share/code/resources/app/out/vs/workbench/workbench.main.js:155:284)
    at Object.enter (file:///usr/share/code/resources/app/out/vs/workbench/workbench.main.js:158:568)
    at n.Class.derive._creator._run (file:///usr/share/code/resources/app/out/vs/workbench/workbench.main.js:159:902)
    at n.Class.derive._creator._chainedError (file:///usr/share/code/resources/app/out/vs/workbench/workbench.main.js:159:261)
    at n (file:///usr/share/code/resources/app/out/vs/workbench/workbench.main.js:157:40)
    at n.Class.define.cancel.then (file:///usr/share/code/resources/app/out/vs/workbench/workbench.main.js:160:736)
    at Object.enter (file:///usr/share/code/resources/app/out/vs/workbench/workbench.main.js:157:109)
    at n.Class.derive._creator._run (file:///usr/share/code/resources/app/out/vs/workbench/workbench.main.js:159:902)
    at n.Class.derive._creator._setCompleteValue (file:///usr/share/code/resources/app/out/vs/workbench/workbench.main.js:159:596)
    at Object.v [as _notify] (file:///usr/share/code/resources/app/out/vs/workbench/workbench.main.js:155:284)
    at Object.enter (file:///usr/share/code/resources/app/out/vs/workbench/workbench.main.js:158:568)
    at n.Class.derive._creator._run (file:///usr/share/code/resources/app/out/vs/workbench/workbench.main.js:159:902)
    at n.Class.derive._creator._chainedError (file:///usr/share/code/resources/app/out/vs/workbench/workbench.main.js:159:261)
    at n (file:///usr/share/code/resources/app/out/vs/workbench/workbench.main.js:157:40)
    at n.Class.define.cancel.then (file:///usr/share/code/resources/app/out/vs/workbench/workbench.main.js:160:736)
    at Object.enter (file:///usr/share/code/resources/app/out/vs/workbench/workbench.main.js:157:109)
    at n.Class.derive._creator._run (file:///usr/share/code/resources/app/out/vs/workbench/workbench.main.js:159:902)
    at n.Class.derive._creator._setCompleteValue (file:///usr/share/code/resources/app/out/vs/workbench/workbench.main.js:159:596)
    at Object.v [as _notify] (file:///usr/share/code/resources/app/out/vs/workbench/workbench.main.js:155:284)
    at Object.enter (file:///usr/share/code/resources/app/out/vs/workbench/workbench.main.js:158:568)
    at n.Class.derive._creator._run (file:///usr/share/code/resources/app/out/vs/workbench/workbench.main.js:159:902)
    at n.Class.derive._creator._chainedError (file:///usr/share/code/resources/app/out/vs/workbench/workbench.main.js:159:261)
    at n (file:///usr/share/code/resources/app/out/vs/workbench/workbench.main.js:157:40)
    at n.Class.define.cancel.then (file:///usr/share/code/resources/app/out/vs/workbench/workbench.main.js:160:736)
    at Object.enter (file:///usr/share/code/resources/app/out/vs/workbench/workbench.main.js:157:109)
    at n.Class.derive._creator._run (file:///usr/share/code/resources/app/out/vs/workbench/workbench.main.js:159:902)
    at n.Class.derive._creator._setCompleteValue (file:///usr/share/code/resources/app/out/vs/workbench/workbench.main.js:159:596)
    at Object.v [as _notify] (file:///usr/share/code/resources/app/out/vs/workbench/workbench.main.js:155:284)
    at Object.enter (file:///usr/share/code/resources/app/out/vs/workbench/workbench.main.js:158:568)
    at n.Class.derive._oncancel._run (file:///usr/share/code/resources/app/out/vs/workbench/workbench.main.js:159:902)
    at n.Class.derive._oncancel._error (file:///usr/share/code/resources/app/out/vs/workbench/workbench.main.js:159:419)
    at l (file:///usr/share/code/resources/app/out/vs/workbench/workbench.main.js:162:962)
    at file:///usr/share/code/resources/app/out/vs/workbench/workbench.main.js:163:70
    at Object.v [as _notify] (file:///usr/share/code/resources/app/out/vs/workbench/workbench.main.js:155:302)
    at Object.enter (file:///usr/share/code/resources/app/out/vs/workbench/workbench.main.js:158:568)
    at n.Class.derive._creator._run (file:///usr/share/code/resources/app/out/vs/workbench/workbench.main.js:159:902)
    at n.Class.derive._creator._chainedError (file:///usr/share/code/resources/app/out/vs/workbench/workbench.main.js:159:261)
    at n (file:///usr/share/code/resources/app/out/vs/workbench/workbench.main.js:157:40)
    at n.Class.define.cancel.then (file:///usr/share/code/resources/app/out/vs/workbench/workbench.main.js:160:736)
    at Object.enter (file:///usr/share/code/resources/app/out/vs/workbench/workbench.main.js:157:109)
    at n.Class.derive._creator._run (file:///usr/share/code/resources/app/out/vs/workbench/workbench.main.js:159:902)
    at n.Class.derive._creator._setCompleteValue (file:///usr/share/code/resources/app/out/vs/workbench/workbench.main.js:159:596)
    at Object.g [as _notify] (file:///usr/share/code/resources/app/out/vs/workbench/workbench.main.js:154:709)
    at Object.enter (file:///usr/share/code/resources/app/out/vs/workbench/workbench.main.js:158:61)
    at n.Class.derive._creator._run (file:///usr/share/code/resources/app/out/vs/workbench/workbench.main.js:159:902)
    at n.Class.derive._creator._completed (file:///usr/share/code/resources/app/out/vs/workbench/workbench.main.js:159:343)
    at Object.g [as _notify] (file:///usr/share/code/resources/app/out/vs/workbench/workbench.main.js:154:729)
    at Object.enter (file:///usr/share/code/resources/app/out/vs/workbench/workbench.main.js:158:61)
    at n.Class.derive._oncancel._run (file:///usr/share/code/resources/app/out/vs/workbench/workbench.main.js:159:902)
    at n.Class.derive._oncancel._completed (file:///usr/share/code/resources/app/out/vs/workbench/workbench.main.js:159:343)
    at file:///usr/share/code/resources/app/out/vs/workbench/workbench.main.js:3298:740
    at file:///usr/share/code/resources/app/out/vs/workbench/workbench.main.js:3299:634
    at Object.t.parallel (file:///usr/share/code/resources/app/out/vs/workbench/workbench.main.js:278:338)
    at file:///usr/share/code/resources/app/out/vs/workbench/workbench.main.js:3298:911
    at go$readdir$cb (/usr/share/code/resources/app/node_modules.asar/graceful-fs/graceful-fs.js:149:14)
    at FSReqWrap.oncomplete (original-fs.js:135:15)
[2018-10-07 21:19:45.370] [renderer1] [error] Illegal argument: character must be non-negative: Error: Illegal argument: character must be non-negative
	at Object.t.illegalArgument (/usr/share/code/resources/app/out/vs/workbench/node/extensionHostProcess.js:91:544)
	at new e (/usr/share/code/resources/app/out/vs/workbench/node/extensionHostProcess.js:475:904)
	at h (/usr/share/code/resources/app/extensions/html-language-features/client/dist/htmlMain.js:1:147840)
	at f (/usr/share/code/resources/app/extensions/html-language-features/client/dist/htmlMain.js:1:147924)
	at /usr/share/code/resources/app/extensions/html-language-features/client/dist/htmlMain.js:1:149009
	at v (/usr/share/code/resources/app/extensions/html-language-features/client/dist/htmlMain.js:1:149195)
	at Array.map (<anonymous>)
	at asCompletionResult (/usr/share/code/resources/app/extensions/html-language-features/client/dist/htmlMain.js:1:154233)
	at <anonymous>
