[2018-10-03 22:58:35.196] [sharedprocess] [info] main {"machineId":"703287e2c52561c990a2ccb9f4348c6f398461bbea8b65f82a6df65c090b78b4"}
[2018-10-03 22:58:35.217] [sharedprocess] [info] Scanned user extensions: 0
[2018-10-03 22:58:35.226] [sharedprocess] [info] Scanned user extensions: 0
[2018-10-03 22:58:35.230] [sharedprocess] [info] Scanned user extensions: 0
[2018-10-03 22:58:35.232] [sharedprocess] [info] Scanned user extensions: 0
[2018-10-03 22:58:35.282] [sharedprocess] [info] Scanned system extensions: 71
[2018-10-03 22:58:35.286] [sharedprocess] [info] Scanned system extensions: 71
[2018-10-03 22:58:35.288] [sharedprocess] [info] Scanned system extensions: 71
[2018-10-03 22:58:36.207] [sharedprocess] [info] Scanned user extensions: 0
[2018-10-03 22:58:41.737] [sharedprocess] [info] Scanned user extensions: 0
[2018-10-03 22:58:41.739] [sharedprocess] [info] Scanned user extensions: 0
[2018-10-03 22:58:41.740] [sharedprocess] [info] Scanned user extensions: 0
[2018-10-03 22:58:41.787] [sharedprocess] [info] Scanned system extensions: 71
[2018-10-03 22:58:41.790] [sharedprocess] [info] Scanned system extensions: 71
[2018-10-03 22:58:44.351] [sharedprocess] [info] Scanned user extensions: 0
[2018-10-03 22:59:15.200] [sharedprocess] [info] Starting to clean up unused language packs.
[2018-10-03 23:03:44.366] [sharedprocess] [info] Scanned user extensions: 0
[2018-10-03 23:08:44.377] [sharedprocess] [info] Scanned user extensions: 0
[2018-10-03 23:13:44.387] [sharedprocess] [info] Scanned user extensions: 0
[2018-10-03 23:18:44.397] [sharedprocess] [info] Scanned user extensions: 0
[2018-10-03 23:23:44.402] [sharedprocess] [info] Scanned user extensions: 0
[2018-10-03 23:28:44.413] [sharedprocess] [info] Scanned user extensions: 0
[2018-10-03 23:30:29.943] [sharedprocess] [info] Scanned user extensions: 0
[2018-10-03 23:30:29.973] [sharedprocess] [info] Scanned system extensions: 71
[2018-10-03 23:30:36.012] [sharedprocess] [info] Scanned user extensions: 0
[2018-10-03 23:30:36.512] [sharedprocess] [info] Scanned user extensions: 0
[2018-10-03 23:30:36.559] [sharedprocess] [info] Scanned user extensions: 0
[2018-10-03 23:30:36.567] [sharedprocess] [info] Scanned system extensions: 71
[2018-10-03 23:30:36.588] [sharedprocess] [info] Scanned system extensions: 71
[2018-10-03 23:30:36.800] [sharedprocess] [info] Installing extension: vscode-docker
[2018-10-03 23:30:36.802] [sharedprocess] [info] Scanned user extensions: 0
[2018-10-03 23:30:40.643] [sharedprocess] [info] Downloaded extension: vscode-docker /tmp/3d587dd6-c035-4518-93a7-71758398ddf1
[2018-10-03 23:30:43.723] [sharedprocess] [info] Extracted extension to /home/pk/.vscode/extensions/.peterjausovec.vscode-docker-0.3.1: peterjausovec.vscode-docker-0.3.1
[2018-10-03 23:30:43.723] [sharedprocess] [info] Renamed to /home/pk/.vscode/extensions/peterjausovec.vscode-docker-0.3.1
[2018-10-03 23:30:43.723] [sharedprocess] [info] Installation completed. peterjausovec.vscode-docker-0.3.1
[2018-10-03 23:30:43.812] [sharedprocess] [info] Scanned user extensions: 1
[2018-10-03 23:30:43.843] [sharedprocess] [info] Scanned system extensions: 71
[2018-10-03 23:30:43.843] [sharedprocess] [info] Extensions installed successfully: peterjausovec.vscode-docker
[2018-10-03 23:30:43.952] [sharedprocess] [info] Scanned user extensions: 1
[2018-10-03 23:30:43.953] [sharedprocess] [info] Scanned user extensions: 1
[2018-10-03 23:30:43.977] [sharedprocess] [info] Scanned system extensions: 71
[2018-10-03 23:30:43.979] [sharedprocess] [info] Scanned system extensions: 71
[2018-10-03 23:30:44.792] [sharedprocess] [info] Installing extension: beautify
[2018-10-03 23:30:44.794] [sharedprocess] [info] Scanned user extensions: 1
[2018-10-03 23:30:45.331] [sharedprocess] [info] Downloaded extension: beautify /tmp/534a2d8b-4bf0-4187-8fcf-a7d9a0afda22
[2018-10-03 23:30:45.503] [sharedprocess] [info] Extracted extension to /home/pk/.vscode/extensions/.hookyqr.beautify-1.4.4: hookyqr.beautify-1.4.4
[2018-10-03 23:30:45.504] [sharedprocess] [info] Renamed to /home/pk/.vscode/extensions/hookyqr.beautify-1.4.4
[2018-10-03 23:30:45.504] [sharedprocess] [info] Installation completed. hookyqr.beautify-1.4.4
[2018-10-03 23:30:45.542] [sharedprocess] [info] Extensions installed successfully: hookyqr.beautify
[2018-10-03 23:30:45.669] [sharedprocess] [info] Scanned user extensions: 2
[2018-10-03 23:30:45.698] [sharedprocess] [info] Scanned system extensions: 71
[2018-10-03 23:31:10.086] [sharedprocess] [info] Scanned user extensions: 2
[2018-10-03 23:31:10.087] [sharedprocess] [info] Scanned user extensions: 2
[2018-10-03 23:31:10.087] [sharedprocess] [info] Scanned user extensions: 2
[2018-10-03 23:31:10.108] [sharedprocess] [info] Scanned system extensions: 71
[2018-10-03 23:31:10.121] [sharedprocess] [info] Scanned user extensions: 2
[2018-10-03 23:31:10.126] [sharedprocess] [info] Scanned user extensions: 2
[2018-10-03 23:31:10.127] [sharedprocess] [info] Scanned user extensions: 2
[2018-10-03 23:31:10.172] [sharedprocess] [info] Scanned system extensions: 71
[2018-10-03 23:31:10.174] [sharedprocess] [info] Scanned system extensions: 71
[2018-10-03 23:31:10.176] [sharedprocess] [info] Scanned system extensions: 71
[2018-10-03 23:31:10.219] [sharedprocess] [info] Scanned user extensions: 2
[2018-10-03 23:31:10.238] [sharedprocess] [info] Scanned system extensions: 71
[2018-10-03 23:31:13.206] [sharedprocess] [info] Scanned user extensions: 2
[2018-10-03 23:36:13.239] [sharedprocess] [info] Scanned user extensions: 2
[2018-10-03 23:41:13.254] [sharedprocess] [info] Scanned user extensions: 2
[2018-10-03 23:46:13.261] [sharedprocess] [info] Scanned user extensions: 2
